This is pdfTeX, Version 3.14159265-2.6-1.40.21 (TeX Live 2020) (preloaded format=pdflatex 2020.4.7)  24 FEB 2021 10:12
entering extended mode
 restricted \write18 enabled.
 %&-line parsing enabled.
**main
(./main.tex
LaTeX2e <2020-02-02> patch level 5
L3 programming layer <2020-03-06>
(/usr/local/texlive/2020/texmf-dist/tex/latex/base/article.cls
Document Class: article 2019/12/20 v1.4l Standard LaTeX document class
(/usr/local/texlive/2020/texmf-dist/tex/latex/base/size11.clo
File: size11.clo 2019/12/20 v1.4l Standard LaTeX file (size option)
)
\c@part=\count167
\c@section=\count168
\c@subsection=\count169
\c@subsubsection=\count170
\c@paragraph=\count171
\c@subparagraph=\count172
\c@figure=\count173
\c@table=\count174
\abovecaptionskip=\skip47
\belowcaptionskip=\skip48
\bibindent=\dimen134
) (./jmlr2e.sty
Document Style `jmlr' -- January 2016.
(/usr/local/texlive/2020/texmf-dist/tex/latex/graphics/epsfig.sty
Package: epsfig 2017/06/25 v1.7b (e)psfig emulation (SPQR)

(/usr/local/texlive/2020/texmf-dist/tex/latex/graphics/graphicx.sty
Package: graphicx 2019/11/30 v1.2a Enhanced LaTeX Graphics (DPC,SPQR)

(/usr/local/texlive/2020/texmf-dist/tex/latex/graphics/keyval.sty
Package: keyval 2014/10/28 v1.15 key=value parser (DPC)
\KV@toks@=\toks15
)
(/usr/local/texlive/2020/texmf-dist/tex/latex/graphics/graphics.sty
Package: graphics 2019/11/30 v1.4a Standard LaTeX Graphics (DPC,SPQR)

(/usr/local/texlive/2020/texmf-dist/tex/latex/graphics/trig.sty
Package: trig 2016/01/03 v1.10 sin cos tan (DPC)
)
(/usr/local/texlive/2020/texmf-dist/tex/latex/graphics-cfg/graphics.cfg
File: graphics.cfg 2016/06/04 v1.11 sample graphics configuration
)
Package graphics Info: Driver file: pdftex.def on input line 105.

(/usr/local/texlive/2020/texmf-dist/tex/latex/graphics-def/pdftex.def
File: pdftex.def 2018/01/08 v1.0l Graphics/color driver for pdftex
))
\Gin@req@height=\dimen135
\Gin@req@width=\dimen136
)
\epsfxsize=\dimen137
\epsfysize=\dimen138
)
(/usr/local/texlive/2020/texmf-dist/tex/latex/amsfonts/amssymb.sty
Package: amssymb 2013/01/14 v3.01 AMS font symbols

(/usr/local/texlive/2020/texmf-dist/tex/latex/amsfonts/amsfonts.sty
Package: amsfonts 2013/01/14 v3.01 Basic AMSFonts support
\@emptytoks=\toks16
\symAMSa=\mathgroup4
\symAMSb=\mathgroup5
LaTeX Font Info:    Redeclaring math symbol \hbar on input line 98.
LaTeX Font Info:    Overwriting math alphabet `\mathfrak' in version `bold'
(Font)                  U/euf/m/n --> U/euf/b/n on input line 106.
))
(/usr/local/texlive/2020/texmf-dist/tex/latex/natbib/natbib.sty
Package: natbib 2010/09/13 8.31b (PWD, AO)
\bibhang=\skip49
\bibsep=\skip50
LaTeX Info: Redefining \cite on input line 694.
\c@NAT@ctr=\count175
)
(/usr/local/texlive/2020/texmf-dist/tex/latex/hyperref/hyperref.sty
Package: hyperref 2020/01/14 v7.00d Hypertext links for LaTeX

(/usr/local/texlive/2020/texmf-dist/tex/generic/ltxcmds/ltxcmds.sty
Package: ltxcmds 2019/12/15 v1.24 LaTeX kernel commands for general use (HO)
)
(/usr/local/texlive/2020/texmf-dist/tex/generic/iftex/iftex.sty
Package: iftex 2020/03/06 v1.0d TeX engine tests
)
(/usr/local/texlive/2020/texmf-dist/tex/latex/pdftexcmds/pdftexcmds.sty
Package: pdftexcmds 2019/11/24 v0.31 Utility functions of pdfTeX for LuaTeX (HO
)

(/usr/local/texlive/2020/texmf-dist/tex/generic/infwarerr/infwarerr.sty
Package: infwarerr 2019/12/03 v1.5 Providing info/warning/error messages (HO)
)
Package pdftexcmds Info: \pdf@primitive is available.
Package pdftexcmds Info: \pdf@ifprimitive is available.
Package pdftexcmds Info: \pdfdraftmode found.
)
(/usr/local/texlive/2020/texmf-dist/tex/generic/kvsetkeys/kvsetkeys.sty
Package: kvsetkeys 2019/12/15 v1.18 Key value parser (HO)
)
(/usr/local/texlive/2020/texmf-dist/tex/generic/kvdefinekeys/kvdefinekeys.sty
Package: kvdefinekeys 2019-12-19 v1.6 Define keys (HO)
)
(/usr/local/texlive/2020/texmf-dist/tex/generic/pdfescape/pdfescape.sty
Package: pdfescape 2019/12/09 v1.15 Implements pdfTeX's escape features (HO)
)
(/usr/local/texlive/2020/texmf-dist/tex/latex/hycolor/hycolor.sty
Package: hycolor 2020-01-27 v1.10 Color options for hyperref/bookmark (HO)
)
(/usr/local/texlive/2020/texmf-dist/tex/latex/letltxmacro/letltxmacro.sty
Package: letltxmacro 2019/12/03 v1.6 Let assignment for LaTeX macros (HO)
)
(/usr/local/texlive/2020/texmf-dist/tex/latex/auxhook/auxhook.sty
Package: auxhook 2019-12-17 v1.6 Hooks for auxiliary files (HO)
)
(/usr/local/texlive/2020/texmf-dist/tex/latex/kvoptions/kvoptions.sty
Package: kvoptions 2019/11/29 v3.13 Key value format for package options (HO)
)
\@linkdim=\dimen139
\Hy@linkcounter=\count176
\Hy@pagecounter=\count177

(/usr/local/texlive/2020/texmf-dist/tex/latex/hyperref/pd1enc.def
File: pd1enc.def 2020/01/14 v7.00d Hyperref: PDFDocEncoding definition (HO)
Now handling font encoding PD1 ...
... no UTF-8 mapping file for font encoding PD1
)
(/usr/local/texlive/2020/texmf-dist/tex/generic/intcalc/intcalc.sty
Package: intcalc 2019/12/15 v1.3 Expandable calculations with integers (HO)
)
(/usr/local/texlive/2020/texmf-dist/tex/generic/etexcmds/etexcmds.sty
Package: etexcmds 2019/12/15 v1.7 Avoid name clashes with e-TeX commands (HO)
)
\Hy@SavedSpaceFactor=\count178
Package hyperref Info: Option `colorlinks' set `false' on input line 4421.
Package hyperref Info: Hyper figures OFF on input line 4547.
Package hyperref Info: Link nesting OFF on input line 4552.
Package hyperref Info: Hyper index ON on input line 4555.
Package hyperref Info: Plain pages OFF on input line 4562.
Package hyperref Info: Backreferencing OFF on input line 4567.
Package hyperref Info: Implicit mode ON; LaTeX internals redefined.
Package hyperref Info: Bookmarks ON on input line 4800.
\c@Hy@tempcnt=\count179

(/usr/local/texlive/2020/texmf-dist/tex/latex/url/url.sty
\Urlmuskip=\muskip16
Package: url 2013/09/16  ver 3.4  Verb mode for urls, etc.
)
LaTeX Info: Redefining \url on input line 5159.
\XeTeXLinkMargin=\dimen140

(/usr/local/texlive/2020/texmf-dist/tex/generic/bitset/bitset.sty
Package: bitset 2019/12/09 v1.3 Handle bit-vector datatype (HO)

(/usr/local/texlive/2020/texmf-dist/tex/generic/bigintcalc/bigintcalc.sty
Package: bigintcalc 2019/12/15 v1.5 Expandable calculations on big integers (HO
)
))
\Fld@menulength=\count180
\Field@Width=\dimen141
\Fld@charsize=\dimen142
Package hyperref Info: Hyper figures OFF on input line 6430.
Package hyperref Info: Link nesting OFF on input line 6435.
Package hyperref Info: Hyper index ON on input line 6438.
Package hyperref Info: backreferencing OFF on input line 6445.
Package hyperref Info: Link coloring OFF on input line 6450.
Package hyperref Info: Link coloring with OCG OFF on input line 6455.
Package hyperref Info: PDF/A mode OFF on input line 6460.
LaTeX Info: Redefining \ref on input line 6500.
LaTeX Info: Redefining \pageref on input line 6504.

(/usr/local/texlive/2020/texmf-dist/tex/generic/atbegshi/atbegshi.sty
Package: atbegshi 2019/12/05 v1.19 At begin shipout hook (HO)
)
\Hy@abspage=\count181
\c@Item=\count182
\c@Hfootnote=\count183
)
Package hyperref Info: Driver (autodetected): hpdftex.

(/usr/local/texlive/2020/texmf-dist/tex/latex/hyperref/hpdftex.def
File: hpdftex.def 2020/01/14 v7.00d Hyperref driver for pdfTeX

(/usr/local/texlive/2020/texmf-dist/tex/latex/atveryend/atveryend.sty
Package: atveryend 2019-12-11 v1.11 Hooks at the very end of document (HO)
Package atveryend Info: \enddocument detected (standard20110627).
)
\Fld@listcount=\count184
\c@bookmark@seq@number=\count185

(/usr/local/texlive/2020/texmf-dist/tex/latex/rerunfilecheck/rerunfilecheck.sty
Package: rerunfilecheck 2019/12/05 v1.9 Rerun checks for auxiliary files (HO)

(/usr/local/texlive/2020/texmf-dist/tex/generic/uniquecounter/uniquecounter.sty
Package: uniquecounter 2019/12/15 v1.4 Provide unlimited unique counter (HO)
)
Package uniquecounter Info: New unique counter `rerunfilecheck' on input line 2
86.
)
\Hy@SectionHShift=\skip51
)
\aftertitskip=\skip52
\beforetitskip=\skip53
\interauthorskip=\skip54
\aftermaketitskip=\skip55
\c@example=\count186
\c@theorem=\count187
) (/usr/local/texlive/2020/texmf-dist/tex/latex/amsmath/amsmath.sty
Package: amsmath 2020/01/20 v2.17e AMS math features
\@mathmargin=\skip56

For additional information on amsmath, use the `?' option.
(/usr/local/texlive/2020/texmf-dist/tex/latex/amsmath/amstext.sty
Package: amstext 2000/06/29 v2.01 AMS text

(/usr/local/texlive/2020/texmf-dist/tex/latex/amsmath/amsgen.sty
File: amsgen.sty 1999/11/30 v2.0 generic functions
\@emptytoks=\toks17
\ex@=\dimen143
))
(/usr/local/texlive/2020/texmf-dist/tex/latex/amsmath/amsbsy.sty
Package: amsbsy 1999/11/29 v1.2d Bold Symbols
\pmbraise@=\dimen144
)
(/usr/local/texlive/2020/texmf-dist/tex/latex/amsmath/amsopn.sty
Package: amsopn 2016/03/08 v2.02 operator names
)
\inf@bad=\count188
LaTeX Info: Redefining \frac on input line 227.
\uproot@=\count189
\leftroot@=\count190
LaTeX Info: Redefining \overline on input line 389.
\classnum@=\count191
\DOTSCASE@=\count192
LaTeX Info: Redefining \ldots on input line 486.
LaTeX Info: Redefining \dots on input line 489.
LaTeX Info: Redefining \cdots on input line 610.
\Mathstrutbox@=\box45
\strutbox@=\box46
\big@size=\dimen145
LaTeX Font Info:    Redeclaring font encoding OML on input line 733.
LaTeX Font Info:    Redeclaring font encoding OMS on input line 734.
\macc@depth=\count193
\c@MaxMatrixCols=\count194
\dotsspace@=\muskip17
\c@parentequation=\count195
\dspbrk@lvl=\count196
\tag@help=\toks18
\row@=\count197
\column@=\count198
\maxfields@=\count199
\andhelp@=\toks19
\eqnshift@=\dimen146
\alignsep@=\dimen147
\tagshift@=\dimen148
\tagwidth@=\dimen149
\totwidth@=\dimen150
\lineht@=\dimen151
\@envbody=\toks20
\multlinegap=\skip57
\multlinetaggap=\skip58
\mathdisplay@stack=\toks21
LaTeX Info: Redefining \[ on input line 2859.
LaTeX Info: Redefining \] on input line 2860.
)
(/usr/local/texlive/2020/texmf-dist/tex/latex/algorithms/algorithm.sty
Package: algorithm 2009/08/24 v0.1 Document Style `algorithm' - floating enviro
nment

(/usr/local/texlive/2020/texmf-dist/tex/latex/float/float.sty
Package: float 2001/11/08 v1.3d Float enhancements (AL)
\c@float@type=\count266
\float@exts=\toks22
\float@box=\box47
\@float@everytoks=\toks23
\@floatcapt=\box48
)
(/usr/local/texlive/2020/texmf-dist/tex/latex/base/ifthen.sty
Package: ifthen 2014/09/29 v1.1c Standard LaTeX ifthen package (DPC)
)
\@float@every@algorithm=\toks24
\c@algorithm=\count267
)
(/usr/local/texlive/2020/texmf-dist/tex/latex/algorithmicx/algorithmicx.sty
Package: algorithmicx 2005/04/27 v1.2 Algorithmicx

Document Style algorithmicx 1.2 - a greatly improved `algorithmic' style
\c@ALG@line=\count268
\c@ALG@rem=\count269
\c@ALG@nested=\count270
\ALG@tlm=\skip59
\ALG@thistlm=\skip60
\c@ALG@Lnr=\count271
\c@ALG@blocknr=\count272
\c@ALG@storecount=\count273
\c@ALG@tmpcounter=\count274
\ALG@tmplength=\skip61
) (/usr/local/texlive/2020/texmf-dist/tex/latex/algorithmicx/algpseudocode.sty
Package: algpseudocode 

Document Style - pseudocode environments for use with the `algorithmicx' style
) (/usr/local/texlive/2020/texmf-dist/tex/latex/l3backend/l3backend-pdfmode.def
File: l3backend-pdfmode.def 2020-03-12 L3 backend support: PDF mode
\l__kernel_color_stack_int=\count275
\l__pdf_internal_box=\box49
) (./main.aux

LaTeX Warning: Label `cond_como' multiply defined.

)
\openout1 = `main.aux'.

LaTeX Font Info:    Checking defaults for OML/cmm/m/it on input line 79.
LaTeX Font Info:    ... okay on input line 79.
LaTeX Font Info:    Checking defaults for OMS/cmsy/m/n on input line 79.
LaTeX Font Info:    ... okay on input line 79.
LaTeX Font Info:    Checking defaults for OT1/cmr/m/n on input line 79.
LaTeX Font Info:    ... okay on input line 79.
LaTeX Font Info:    Checking defaults for T1/cmr/m/n on input line 79.
LaTeX Font Info:    ... okay on input line 79.
LaTeX Font Info:    Checking defaults for TS1/cmr/m/n on input line 79.
LaTeX Font Info:    ... okay on input line 79.
LaTeX Font Info:    Checking defaults for OMX/cmex/m/n on input line 79.
LaTeX Font Info:    ... okay on input line 79.
LaTeX Font Info:    Checking defaults for U/cmr/m/n on input line 79.
LaTeX Font Info:    ... okay on input line 79.
LaTeX Font Info:    Checking defaults for PD1/pdf/m/n on input line 79.
LaTeX Font Info:    ... okay on input line 79.
 (/usr/local/texlive/2020/texmf-dist/tex/context/base/mkii/supp-pdf.mkii
[Loading MPS to PDF converter (version 2006.09.02).]
\scratchcounter=\count276
\scratchdimen=\dimen152
\scratchbox=\box50
\nofMPsegments=\count277
\nofMParguments=\count278
\everyMPshowfont=\toks25
\MPscratchCnt=\count279
\MPscratchDim=\dimen153
\MPnumerator=\count280
\makeMPintoPDFobject=\count281
\everyMPtoPDFconversion=\toks26
) (/usr/local/texlive/2020/texmf-dist/tex/latex/epstopdf-pkg/epstopdf-base.sty
Package: epstopdf-base 2020-01-24 v2.11 Base part for package epstopdf
Package epstopdf-base Info: Redefining graphics rule for `.eps' on input line 4
85.

(/usr/local/texlive/2020/texmf-dist/tex/latex/latexconfig/epstopdf-sys.cfg
File: epstopdf-sys.cfg 2010/07/13 v1.3 Configuration of (r)epstopdf for TeX Liv
e
))
\AtBeginShipoutBox=\box51
Package hyperref Info: Link coloring OFF on input line 79.

(/usr/local/texlive/2020/texmf-dist/tex/latex/hyperref/nameref.sty
Package: nameref 2019/09/16 v2.46 Cross-referencing by name of section

(/usr/local/texlive/2020/texmf-dist/tex/latex/refcount/refcount.sty
Package: refcount 2019/12/15 v3.6 Data extraction from label references (HO)
)
(/usr/local/texlive/2020/texmf-dist/tex/generic/gettitlestring/gettitlestring.s
ty
Package: gettitlestring 2019/12/15 v1.6 Cleanup title references (HO)
)
\c@section@level=\count282
)
LaTeX Info: Redefining \ref on input line 79.
LaTeX Info: Redefining \pageref on input line 79.
LaTeX Info: Redefining \nameref on input line 79.
 (./main.out) (./main.out)
\@outlinefile=\write3
\openout3 = `main.out'.

LaTeX Font Info:    Trying to load font information for U+msa on input line 113
.

(/usr/local/texlive/2020/texmf-dist/tex/latex/amsfonts/umsa.fd
File: umsa.fd 2013/01/14 v3.01 AMS symbols A
)
LaTeX Font Info:    Trying to load font information for U+msb on input line 113
.

(/usr/local/texlive/2020/texmf-dist/tex/latex/amsfonts/umsb.fd
File: umsb.fd 2013/01/14 v3.01 AMS symbols B
) [1

{/usr/local/texlive/2020/texmf-var/fonts/map/pdftex/updmap/pdftex.map}] [2] [3]
 [4]
Underfull \vbox (badness 10000) has occurred while \output is active []

 [5]
[6]
Underfull \vbox (badness 10000) has occurred while \output is active []

 [7]

Package natbib Warning: Citation `dhaene2002concept' on page 8 undefined on inp
ut line 226.


Package natbib Warning: Citation `dhaene2002concept' on page 8 undefined on inp
ut line 226.

[8]
Overfull \hbox (38.38115pt too wide) in paragraph at lines 259--260
[]\OT1/cmr/m/it/10.95 There ex-ists a ran-dom vari-able $\OML/cmm/m/it/10.95 W$
 \OT1/cmr/m/it/10.95 and in-creas-ing func-tions $\OML/cmm/m/it/10.95 h[]; [] ;
 h[]$ \OT1/cmr/m/it/10.95 such that $\OT1/cmr/m/n/10.95 (\OML/cmm/m/it/10.95 X[
]; [] ; X[]\OT1/cmr/m/n/10.95 ) []
 []

[9]
Overfull \hbox (17.30782pt too wide) in paragraph at lines 286--287
\OT1/cmr/m/n/10.95 i.e., $(\OML/cmm/m/it/10.95 X[]; [] ; X[]\OT1/cmr/m/n/10.95 
)$ is comono-tonic $\OMS/cmsy/m/n/10.95 ,$ \OT1/cmr/m/n/10.95 for any $\OML/cmm
/m/it/10.95 U \OMS/cmsy/m/n/10.95 ^^X \OML/cmm/m/it/10.95 U\OT1/cmr/m/n/10.95 (
0\OML/cmm/m/it/10.95 ; \OT1/cmr/m/n/10.95 1)$, $(\OML/cmm/m/it/10.95 X[]; [] ; 
X[]\OT1/cmr/m/n/10.95 ) [] (\OML/cmm/m/it/10.95 F[]\OT1/cmr/m/n/10.95 (\OML/cmm
/m/it/10.95 U\OT1/cmr/m/n/10.95 )\OML/cmm/m/it/10.95 ; [] ; F[]\OT1/cmr/m/n/10.
95 (\OML/cmm/m/it/10.95 U\OT1/cmr/m/n/10.95 ))$,
 []

[10] [11] [12] [13]

Package amsmath Warning: Foreign command \atopwithdelims;
(amsmath)                \frac or \genfrac should be used instead
(amsmath)                 on input line 388.

[14]
Package hyperref Info: bookmark level for unknown algorithm defaults to 0 on in
put line 409.

Overfull \hbox (40.51384pt too wide) in paragraph at lines 430--431
\OT1/cmr/m/it/10.95 With-out the loss of gen-er-al-ity, as-sume the clus-ters a
re $\OT1/cmr/bx/n/10.95 X[] \OT1/cmr/m/n/10.95 = (\OML/cmm/m/it/10.95 X[]; [] ;
 X[]\OT1/cmr/m/n/10.95 )$\OT1/cmr/m/it/10.95 , $\OT1/cmr/bx/n/10.95 X[] \OT1/cm
r/m/n/10.95 = (\OML/cmm/m/it/10.95 X[]; [] ; X[]\OT1/cmr/m/n/10.95 )$\OT1/cmr/m
/it/10.95 ,
 []

[15]

LaTeX Warning: Command \textendash invalid in math mode on input line 453.


LaTeX Warning: Command \textendash invalid in math mode on input line 455.


LaTeX Warning: Command \textendash invalid in math mode on input line 455.


LaTeX Warning: Command \textendash invalid in math mode on input line 457.


LaTeX Warning: Command \textendash invalid in math mode on input line 457.


LaTeX Warning: Command \textendash invalid in math mode on input line 459.


LaTeX Warning: `!h' float specifier changed to `!ht'.

[16] [17pdfTeX warning (ext4): destination with the same identifier (name{table
.1}) has been already used, duplicate ignored

\AtBegShi@Output ...ipout \box \AtBeginShipoutBox 
                                                  \fi \fi 
l.497 \begin{displaymath}
                         ] [18] [19]
<Figures/simulation/example.png, id=465, 433.62pt x 289.08pt>
File: Figures/simulation/example.png Graphic file (type png)
<use Figures/simulation/example.png>
Package pdftex.def Info: Figures/simulation/example.png  used on input line 554
.
(pdftex.def)             Requested size: 303.53192pt x 202.35461pt.
 [20pdfTeX warning (ext4): destination with the same identifier (name{figure.1}
) has been already used, duplicate ignored

\AtBegShi@Output ...ipout \box \AtBeginShipoutBox 
                                                  \fi \fi 
l.560 \begin{enumerate}
                        <./Figures/simulation/example.png>] [21]
<Figures/simulation/With discretization.png, id=482, 867.24pt x 433.62pt>
File: Figures/simulation/With discretization.png Graphic file (type png)
<use Figures/simulation/With discretization.png>
Package pdftex.def Info: Figures/simulation/With discretization.png  used on in
put line 647.
(pdftex.def)             Requested size: 433.61894pt x 216.80946pt.

Underfull \hbox (badness 10000) in paragraph at lines 647--648
[][]
 []

[22]
<Figures/simulation/sufficiently small discrete.png, id=489, 433.62pt x 289.08p
t>
File: Figures/simulation/sufficiently small discrete.png Graphic file (type png
)
<use Figures/simulation/sufficiently small discrete.png>
Package pdftex.def Info: Figures/simulation/sufficiently small discrete.png  us
ed on input line 659.
(pdftex.def)             Requested size: 303.53192pt x 202.35461pt.

Underfull \vbox (badness 10000) has occurred while \output is active []

 [23pdfTeX warning (ext4): destination with the same identifier (name{figure.2}
) has been already used, duplicate ignored

\AtBegShi@Output ...ipout \box \AtBeginShipoutBox 
                                                  \fi \fi 
l.668 
       <./Figures/simulation/With discretization.png>]
<Figures/simulation/training.png, id=497, 440.1243pt x 332.80334pt>
File: Figures/simulation/training.png Graphic file (type png)
<use Figures/simulation/training.png>
Package pdftex.def Info: Figures/simulation/training.png  used on input line 68
6.
(pdftex.def)             Requested size: 176.04659pt x 133.11897pt.
<Figures/simulation/testing.png, id=498, 443.0151pt x 332.80334pt>
File: Figures/simulation/testing.png Graphic file (type png)
<use Figures/simulation/testing.png>
Package pdftex.def Info: Figures/simulation/testing.png  used on input line 688
.
(pdftex.def)             Requested size: 177.2029pt x 133.11897pt.


LaTeX Warning: `h' float specifier changed to `ht'.

[24pdfTeX warning (ext4): destination with the same identifier (name{figure.3})
 has been already used, duplicate ignored

\AtBegShi@Output ...ipout \box \AtBeginShipoutBox 
                                                  \fi \fi 
l.698 S
       uppose our data-set has $d$ predictive features, and the average size...
 <./Figures/simulation/sufficiently small discrete.png>] [25pdfTeX warning (ext
4): destination with the same identifier (name{figure.4}) has been already used
, duplicate ignored

\AtBegShi@Output ...ipout \box \AtBeginShipoutBox 
                                                  \fi \fi 
l.703 
       <./Figures/simulation/training.png> <./Figures/simulation/testing.png>]
[26] [27]
<Figures/Empirical/err_change_ozone_1.png, id=538, 586.8324pt x 367.1316pt>
File: Figures/Empirical/err_change_ozone_1.png Graphic file (type png)
<use Figures/Empirical/err_change_ozone_1.png>
Package pdftex.def Info: Figures/Empirical/err_change_ozone_1.png  used on inpu
t line 734.
(pdftex.def)             Requested size: 216.81pt x 135.63489pt.
<Figures/Empirical/err_change_ozone_2.png, id=539, 607.42935pt x 367.1316pt>
File: Figures/Empirical/err_change_ozone_2.png Graphic file (type png)
<use Figures/Empirical/err_change_ozone_2.png>
Package pdftex.def Info: Figures/Empirical/err_change_ozone_2.png  used on inpu
t line 736.
(pdftex.def)             Requested size: 216.81pt x 131.04128pt.

Overfull \hbox (24.00003pt too wide) in paragraph at lines 733--738
[][]
 []

[28pdfTeX warning (ext4): destination with the same identifier (name{figure.5})
 has been already used, duplicate ignored

\AtBegShi@Output ...ipout \box \AtBeginShipoutBox 
                                                  \fi \fi 
l.748 
       <./Figures/Empirical/err_change_ozone_1.png> <./Figures/Empirical/err_ch
ange_ozone_2.png>]
<Figures/Empirical/err_change_sensorless_1.png, id=548, 586.8324pt x 367.1316pt
>
File: Figures/Empirical/err_change_sensorless_1.png Graphic file (type png)
<use Figures/Empirical/err_change_sensorless_1.png>
Package pdftex.def Info: Figures/Empirical/err_change_sensorless_1.png  used on
 input line 751.
(pdftex.def)             Requested size: 216.81pt x 135.63489pt.
<Figures/Empirical/err_change_sensorless_2.png, id=549, 607.42935pt x 367.1316p
t>
File: Figures/Empirical/err_change_sensorless_2.png Graphic file (type png)
<use Figures/Empirical/err_change_sensorless_2.png>
Package pdftex.def Info: Figures/Empirical/err_change_sensorless_2.png  used on
 input line 753.
(pdftex.def)             Requested size: 216.81pt x 131.04128pt.

Overfull \hbox (24.00003pt too wide) in paragraph at lines 750--755
[][]
 []

<Figures/Empirical/err_change_oil_1.png, id=551, 572.3784pt x 367.1316pt>
File: Figures/Empirical/err_change_oil_1.png Graphic file (type png)
<use Figures/Empirical/err_change_oil_1.png>
Package pdftex.def Info: Figures/Empirical/err_change_oil_1.png  used on input 
line 767.
(pdftex.def)             Requested size: 184.28981pt x 118.20155pt.
<Figures/Empirical/err_change_oil_2.png, id=552, 607.42935pt x 367.1316pt>
File: Figures/Empirical/err_change_oil_2.png Graphic file (type png)
<use Figures/Empirical/err_change_oil_2.png>
Package pdftex.def Info: Figures/Empirical/err_change_oil_2.png  used on input 
line 771.
(pdftex.def)             Requested size: 195.12767pt x 117.93266pt.
<Figures/Empirical/err_change_oil_xgb.png, id=553, 553.22685pt x 367.1316pt>
File: Figures/Empirical/err_change_oil_xgb.png Graphic file (type png)
<use Figures/Empirical/err_change_oil_xgb.png>
Package pdftex.def Info: Figures/Empirical/err_change_oil_xgb.png  used on inpu
t line 775.
(pdftex.def)             Requested size: 184.28981pt x 122.2966pt.
<Figures/Empirical/err_change_oil_rf.png, id=554, 586.8324pt x 367.1316pt>
File: Figures/Empirical/err_change_oil_rf.png Graphic file (type png)
<use Figures/Empirical/err_change_oil_rf.png>
Package pdftex.def Info: Figures/Empirical/err_change_oil_rf.png  used on input
 line 779.
(pdftex.def)             Requested size: 195.12767pt x 122.07251pt.

Overfull \hbox (2.43333pt too wide) in paragraph at lines 765--781
[][] []
 []


Overfull \hbox (2.43333pt too wide) in paragraph at lines 765--781
[] []
 []

[29pdfTeX warning (ext4): destination with the same identifier (name{figure.6})
 has been already used, duplicate ignored

\AtBegShi@Output ...ipout \box \AtBeginShipoutBox 
                                                  \fi \fi 
l.786 
       <./Figures/Empirical/err_change_sensorless_1.png> <./Figures/Empirical/e
rr_change_sensorless_2.png>]
<Figures/Empirical/err_change_glass_1.png, id=564, 572.3784pt x 367.1316pt>
File: Figures/Empirical/err_change_glass_1.png Graphic file (type png)
<use Figures/Empirical/err_change_glass_1.png>
Package pdftex.def Info: Figures/Empirical/err_change_glass_1.png  used on inpu
t line 794.
(pdftex.def)             Requested size: 184.28981pt x 118.20155pt.
<Figures/Empirical/err_change_glass_2.png, id=565, 607.42935pt x 367.1316pt>
File: Figures/Empirical/err_change_glass_2.png Graphic file (type png)
<use Figures/Empirical/err_change_glass_2.png>
Package pdftex.def Info: Figures/Empirical/err_change_glass_2.png  used on inpu
t line 798.
(pdftex.def)             Requested size: 195.12767pt x 117.93266pt.
<Figures/Empirical/err_change_glass_xgb.png, id=566, 553.22685pt x 367.1316pt>
File: Figures/Empirical/err_change_glass_xgb.png Graphic file (type png)
<use Figures/Empirical/err_change_glass_xgb.png>
Package pdftex.def Info: Figures/Empirical/err_change_glass_xgb.png  used on in
put line 802.
(pdftex.def)             Requested size: 184.28981pt x 122.2966pt.
<Figures/Empirical/err_change_glass_rf.png, id=567, 586.8324pt x 367.1316pt>
File: Figures/Empirical/err_change_glass_rf.png Graphic file (type png)
<use Figures/Empirical/err_change_glass_rf.png>
Package pdftex.def Info: Figures/Empirical/err_change_glass_rf.png  used on inp
ut line 806.
(pdftex.def)             Requested size: 195.12767pt x 122.07251pt.

Overfull \hbox (2.43333pt too wide) in paragraph at lines 792--808
[][] []
 []


Overfull \hbox (2.43333pt too wide) in paragraph at lines 792--808
[] []
 []


Underfull \vbox (badness 10000) has occurred while \output is active []

 [30pdfTeX warning (ext4): destination with the same identifier (name{figure.7}
) has been already used, duplicate ignored

\AtBegShi@Output ...ipout \box \AtBeginShipoutBox 
                                                  \fi \fi 
l.813 
       <./Figures/Empirical/err_change_oil_1.png> <./Figures/Empirical/err_chan
ge_oil_2.png> <./Figures/Empirical/err_change_oil_xgb.png> <./Figures/Empirical
/err_change_oil_rf.png>]
Underfull \vbox (badness 10000) has occurred while \output is active []

 [31pdfTeX warning (ext4): destination with the same identifier (name{figure.8}
) has been already used, duplicate ignored

\AtBegShi@Output ...ipout \box \AtBeginShipoutBox 
                                                  \fi \fi 
l.844 
       <./Figures/Empirical/err_change_glass_1.png> <./Figures/Empirical/err_ch
ange_glass_2.png> <./Figures/Empirical/err_change_glass_xgb.png> <./Figures/Emp
irical/err_change_glass_rf.png>]
<Figures/Empirical/cluster size5.png, id=591, 997.326pt x 891.8118pt>
File: Figures/Empirical/cluster size5.png Graphic file (type png)
<use Figures/Empirical/cluster size5.png>
Package pdftex.def Info: Figures/Empirical/cluster size5.png  used on input lin
e 875.
(pdftex.def)             Requested size: 398.92334pt x 356.7184pt.

Underfull \vbox (badness 1057) has occurred while \output is active []

 [32pdfTeX warning (ext4): destination with the same identifier (name{table.2})
 has been already used, duplicate ignored

\AtBegShi@Output ...ipout \box \AtBeginShipoutBox 
                                                  \fi \fi 
l.881 \begin{itemize}
                     pdfTeX warning (ext4): destination with the same identifie
r (name{table.3}) has been already used, duplicate ignored

\AtBegShi@Output ...ipout \box \AtBeginShipoutBox 
                                                  \fi \fi 
l.881 \begin{itemize}
                     ] [33pdfTeX warning (ext4): destination with the same iden
tifier (name{figure.9}) has been already used, duplicate ignored

\AtBegShi@Output ...ipout \box \AtBeginShipoutBox 
                                                  \fi \fi 
l.881 \begin{itemize}
                      <./Figures/Empirical/cluster size5.png>]
<Figures/Empirical/cluster size3.png, id=609, 620.7993pt x 530.4618pt>
File: Figures/Empirical/cluster size3.png Graphic file (type png)
<use Figures/Empirical/cluster size3.png>
Package pdftex.def Info: Figures/Empirical/cluster size3.png  used on input lin
e 889.
(pdftex.def)             Requested size: 248.31532pt x 212.18095pt.
<Figures/Empirical/cluster size1_1.png, id=610, 435.7881pt x 349.7868pt>
File: Figures/Empirical/cluster size1_1.png Graphic file (type png)
<use Figures/Empirical/cluster size1_1.png>
Package pdftex.def Info: Figures/Empirical/cluster size1_1.png  used on input l
ine 896.
(pdftex.def)             Requested size: 217.89351pt x 174.89297pt.
<Figures/Empirical/cluster size1_2.png, id=611, 420.97275pt x 349.7868pt>
File: Figures/Empirical/cluster size1_2.png Graphic file (type png)
<use Figures/Empirical/cluster size1_2.png>
Package pdftex.def Info: Figures/Empirical/cluster size1_2.png  used on input l
ine 898.
(pdftex.def)             Requested size: 210.48586pt x 174.89297pt.

Overfull \hbox (18.7594pt too wide) in paragraph at lines 895--900
[][]
 []


LaTeX Warning: `h' float specifier changed to `ht'.

[34pdfTeX warning (ext4): destination with the same identifier (name{table.4}) 
has been already used, duplicate ignored

\AtBegShi@Output ...ipout \box \AtBeginShipoutBox 
                                                  \fi \fi 
l.925 
      ] [35pdfTeX warning (ext4): destination with the same identifier (name{fi
gure.10}) has been already used, duplicate ignored

\AtBegShi@Output ...ipout \box \AtBeginShipoutBox 
                                                  \fi \fi 
l.927 
      pdfTeX warning (ext4): destination with the same identifier (name{figure.
11}) has been already used, duplicate ignored

\AtBegShi@Output ...ipout \box \AtBeginShipoutBox 
                                                  \fi \fi 
l.927 
       <./Figures/Empirical/cluster size3.png> <./Figures/Empirical/cluster siz
e1_1.png> <./Figures/Empirical/cluster size1_2.png>] (./main.bbl [36] [37]
[38])

Package natbib Warning: There were undefined citations.

Package atveryend Info: Empty hook `BeforeClearDocument' on input line 931.
[39]
Package atveryend Info: Empty hook `AfterLastShipout' on input line 931.
 (./main.aux)
Package atveryend Info: Executing hook `AtVeryEndDocument' on input line 931.
Package atveryend Info: Executing hook `AtEndAfterFileList' on input line 931.
Package rerunfilecheck Info: File `main.out' has not changed.
(rerunfilecheck)             Checksum: C0EF0CF850D5FCE1F0552EF87AADA455;2268.


LaTeX Warning: There were multiply-defined labels.

Package atveryend Info: Empty hook `AtVeryVeryEnd' on input line 931.
 ) 
Here is how much of TeX's memory you used:
 7873 strings out of 480608
 119437 string characters out of 5903631
 381960 words of memory out of 5000000
 23441 multiletter control sequences out of 15000+600000
 541589 words of font info for 57 fonts, out of 8000000 for 9000
 1141 hyphenation exceptions out of 8191
 46i,13n,35p,2610b,516s stack positions out of 5000i,500n,10000p,200000b,80000s
{/usr/local/texlive/2020/texmf-dist/fonts/enc/dvips/cm-super/cm-super-ts1.enc
}</usr/local/texlive/2020/texmf-dist/fonts/type1/public/amsfonts/cm/cmbx10.pfb>
</usr/local/texlive/2020/texmf-dist/fonts/type1/public/amsfonts/cm/cmbx12.pfb><
/usr/local/texlive/2020/texmf-dist/fonts/type1/public/amsfonts/cm/cmcsc10.pfb><
/usr/local/texlive/2020/texmf-dist/fonts/type1/public/amsfonts/cm/cmex10.pfb></
usr/local/texlive/2020/texmf-dist/fonts/type1/public/amsfonts/cm/cmmi10.pfb></u
sr/local/texlive/2020/texmf-dist/fonts/type1/public/amsfonts/cm/cmmi6.pfb></usr
/local/texlive/2020/texmf-dist/fonts/type1/public/amsfonts/cm/cmmi8.pfb></usr/l
ocal/texlive/2020/texmf-dist/fonts/type1/public/amsfonts/cm/cmr10.pfb></usr/loc
al/texlive/2020/texmf-dist/fonts/type1/public/amsfonts/cm/cmr6.pfb></usr/local/
texlive/2020/texmf-dist/fonts/type1/public/amsfonts/cm/cmr8.pfb></usr/local/tex
live/2020/texmf-dist/fonts/type1/public/amsfonts/cm/cmr9.pfb></usr/local/texliv
e/2020/texmf-dist/fonts/type1/public/amsfonts/cm/cmsy10.pfb></usr/local/texlive
/2020/texmf-dist/fonts/type1/public/amsfonts/cm/cmsy6.pfb></usr/local/texlive/2
020/texmf-dist/fonts/type1/public/amsfonts/cm/cmsy8.pfb></usr/local/texlive/202
0/texmf-dist/fonts/type1/public/amsfonts/cm/cmti10.pfb></usr/local/texlive/2020
/texmf-dist/fonts/type1/public/amsfonts/cm/cmtt10.pfb></usr/local/texlive/2020/
texmf-dist/fonts/type1/public/amsfonts/symbols/msbm10.pfb></usr/local/texlive/2
020/texmf-dist/fonts/type1/public/cm-super/sfrm1095.pfb>
Output written on main.pdf (39 pages, 4201343 bytes).
PDF statistics:
 743 PDF objects out of 1000 (max. 8388607)
 635 compressed objects within 7 object streams
 161 named destinations out of 1000 (max. 500000)
 346 words of extra memory for PDF output out of 10000 (max. 10000000)

