\BOOKMARK [1][-]{section.1}{Introduction}{}% 1
\BOOKMARK [2][-]{subsection.1.1}{Attribute Weighting}{section.1}% 2
\BOOKMARK [2][-]{subsection.1.2}{Semi-na\357ve Bayes}{section.1}% 3
\BOOKMARK [3][-]{subsubsection.1.2.1}{New Attribute Set}{subsection.1.2}% 4
\BOOKMARK [3][-]{subsubsection.1.2.2}{Adding Explicit Arcs}{subsection.1.2}% 5
\BOOKMARK [2][-]{subsection.1.3}{Bayesian network}{section.1}% 6
\BOOKMARK [3][-]{subsubsection.1.3.1}{Constraint-based}{subsection.1.3}% 7
\BOOKMARK [3][-]{subsubsection.1.3.2}{Score-based}{subsection.1.3}% 8
\BOOKMARK [1][-]{section.2}{Comonotone-Independence Bayesian Classifier}{}% 9
\BOOKMARK [2][-]{subsection.2.1}{Concepts and Sampling Techniques}{section.2}% 10
\BOOKMARK [2][-]{subsection.2.2}{Conditional empirical joint distribution modelling}{section.2}% 11
\BOOKMARK [3][-]{subsubsection.2.2.1}{Clustered Comonotonic}{subsection.2.2}% 12
\BOOKMARK [2][-]{subsection.2.3}{Practical considerations under implementation}{section.2}% 13
\BOOKMARK [3][-]{subsubsection.2.3.1}{Feature Types}{subsection.2.3}% 14
\BOOKMARK [3][-]{subsubsection.2.3.2}{Discretization}{subsection.2.3}% 15
\BOOKMARK [3][-]{subsubsection.2.3.3}{Dealing with Zero Probability}{subsection.2.3}% 16
\BOOKMARK [3][-]{subsubsection.2.3.4}{In Clustering}{subsection.2.3}% 17
\BOOKMARK [3][-]{subsubsection.2.3.5}{Re-balancing the data-set}{subsection.2.3}% 18
\BOOKMARK [1][-]{section.3}{Simulation Study}{}% 19
\BOOKMARK [2][-]{subsection.3.1}{An intuitive example}{section.3}% 20
\BOOKMARK [2][-]{subsection.3.2}{Verification without discretization}{section.3}% 21
\BOOKMARK [2][-]{subsection.3.3}{Time Complexity Analysis}{section.3}% 22
\BOOKMARK [1][-]{section.4}{Empirical Evaluation}{}% 23
\BOOKMARK [2][-]{subsection.4.1}{Example Data-sets \046 Results}{section.4}% 24
\BOOKMARK [3][-]{subsubsection.4.1.1}{Ozone Data-set}{subsection.4.1}% 25
\BOOKMARK [3][-]{subsubsection.4.1.2}{Sensorless Drive Diagnosis Data-set}{subsection.4.1}% 26
\BOOKMARK [3][-]{subsubsection.4.1.3}{Oil Spill Data-set}{subsection.4.1}% 27
\BOOKMARK [3][-]{subsubsection.4.1.4}{Glass Identification Data-set}{subsection.4.1}% 28
\BOOKMARK [2][-]{subsection.4.2}{Case Study: Financial Distress Prediction}{section.4}% 29
\BOOKMARK [1][-]{section.5}{Conclusion}{}% 30
